Determining if the pthread_create exist failed with the following output:
Change Dir: /home/marcos/catkin_ws/build/CMakeFiles/CMakeTmp

Run Build Command:"/usr/bin/make" "cmTC_c45fb/fast"
/usr/bin/make -f CMakeFiles/cmTC_c45fb.dir/build.make CMakeFiles/cmTC_c45fb.dir/build
make[1]: se entra en el directorio '/home/marcos/catkin_ws/build/CMakeFiles/CMakeTmp'
Building C object CMakeFiles/cmTC_c45fb.dir/CheckSymbolExists.c.o
/usr/bin/cc    -o CMakeFiles/cmTC_c45fb.dir/CheckSymbolExists.c.o   -c /home/marcos/catkin_ws/build/CMakeFiles/CMakeTmp/CheckSymbolExists.c
Linking C executable cmTC_c45fb
/usr/bin/cmake -E cmake_link_script CMakeFiles/cmTC_c45fb.dir/link.txt --verbose=1
/usr/bin/cc      -rdynamic CMakeFiles/cmTC_c45fb.dir/CheckSymbolExists.c.o  -o cmTC_c45fb 
CMakeFiles/cmTC_c45fb.dir/CheckSymbolExists.c.o: En la función `main':
CheckSymbolExists.c:(.text+0x1b): referencia a `pthread_create' sin definir
collect2: error: ld returned 1 exit status
CMakeFiles/cmTC_c45fb.dir/build.make:97: fallo en las instrucciones para el objetivo 'cmTC_c45fb'
make[1]: *** [cmTC_c45fb] Error 1
make[1]: se sale del directorio '/home/marcos/catkin_ws/build/CMakeFiles/CMakeTmp'
Makefile:126: fallo en las instrucciones para el objetivo 'cmTC_c45fb/fast'
make: *** [cmTC_c45fb/fast] Error 2

File /home/marcos/catkin_ws/build/CMakeFiles/CMakeTmp/CheckSymbolExists.c:
/* */
#include <pthread.h>

int main(int argc, char** argv)
{
  (void)argv;
#ifndef pthread_create
  return ((int*)(&pthread_create))[argc];
#else
  (void)argc;
  return 0;
#endif
}

Determining if the function pthread_create exists in the pthreads failed with the following output:
Change Dir: /home/marcos/catkin_ws/build/CMakeFiles/CMakeTmp

Run Build Command:"/usr/bin/make" "cmTC_62e6a/fast"
/usr/bin/make -f CMakeFiles/cmTC_62e6a.dir/build.make CMakeFiles/cmTC_62e6a.dir/build
make[1]: se entra en el directorio '/home/marcos/catkin_ws/build/CMakeFiles/CMakeTmp'
Building C object CMakeFiles/cmTC_62e6a.dir/CheckFunctionExists.c.o
/usr/bin/cc   -DCHECK_FUNCTION_EXISTS=pthread_create   -o CMakeFiles/cmTC_62e6a.dir/CheckFunctionExists.c.o   -c /usr/share/cmake-3.10/Modules/CheckFunctionExists.c
Linking C executable cmTC_62e6a
/usr/bin/cmake -E cmake_link_script CMakeFiles/cmTC_62e6a.dir/link.txt --verbose=1
/usr/bin/cc  -DCHECK_FUNCTION_EXISTS=pthread_create    -rdynamic CMakeFiles/cmTC_62e6a.dir/CheckFunctionExists.c.o  -o cmTC_62e6a -lpthreads 
/usr/bin/ld: no se puede encontrar -lpthreads
collect2: error: ld returned 1 exit status
CMakeFiles/cmTC_62e6a.dir/build.make:97: fallo en las instrucciones para el objetivo 'cmTC_62e6a'
make[1]: *** [cmTC_62e6a] Error 1
make[1]: se sale del directorio '/home/marcos/catkin_ws/build/CMakeFiles/CMakeTmp'
Makefile:126: fallo en las instrucciones para el objetivo 'cmTC_62e6a/fast'
make: *** [cmTC_62e6a/fast] Error 2


